kotlin version: 2.0.21
error message: org.jetbrains.kotlin.backend.common.BackendException: Backend Internal error: Exception during IR lowering
File being compiled: /Users/allen.thomson/Desktop/sampleapp/mygp_startActivty/app/src/main/java/com/mygp/composeactivity/MainActivity.kt
The root cause java.lang.RuntimeException was thrown at: org.jetbrains.kotlin.backend.jvm.codegen.FunctionCodegen.generate(FunctionCodegen.kt:47)
	at org.jetbrains.kotlin.backend.common.CodegenUtil.reportBackendException(CodegenUtil.kt:253)
	at org.jetbrains.kotlin.backend.common.CodegenUtil.reportBackendException$default(CodegenUtil.kt:236)
	at org.jetbrains.kotlin.backend.common.phaser.PerformByIrFilePhase.invokeSequential(performByIrFile.kt:65)
	at org.jetbrains.kotlin.backend.common.phaser.PerformByIrFilePhase.invoke(performByIrFile.kt:52)
	at org.jetbrains.kotlin.backend.common.phaser.PerformByIrFilePhase.invoke(performByIrFile.kt:38)
	at org.jetbrains.kotlin.backend.common.phaser.NamedCompilerPhase.phaseBody(CompilerPhase.kt:166)
	at org.jetbrains.kotlin.backend.common.phaser.AbstractNamedCompilerPhase.invoke(CompilerPhase.kt:113)
	at org.jetbrains.kotlin.backend.common.phaser.CompositePhase.invoke(PhaseBuilders.kt:27)
	at org.jetbrains.kotlin.backend.common.phaser.CompositePhase.invoke(PhaseBuilders.kt:14)
	at org.jetbrains.kotlin.backend.common.phaser.NamedCompilerPhase.phaseBody(CompilerPhase.kt:166)
	at org.jetbrains.kotlin.backend.common.phaser.AbstractNamedCompilerPhase.invoke(CompilerPhase.kt:113)
	at org.jetbrains.kotlin.backend.common.phaser.CompilerPhaseKt.invokeToplevel(CompilerPhase.kt:62)
	at org.jetbrains.kotlin.backend.jvm.JvmIrCodegenFactory.invokeCodegen(JvmIrCodegenFactory.kt:371)
	at org.jetbrains.kotlin.codegen.CodegenFactory.generateModule(CodegenFactory.kt:47)
	at org.jetbrains.kotlin.backend.jvm.JvmIrCodegenFactory.generateModuleInFrontendIRMode(JvmIrCodegenFactory.kt:433)
	at org.jetbrains.kotlin.cli.jvm.compiler.pipeline.JvmCompilerPipelineKt.generateCodeFromIr(jvmCompilerPipeline.kt:246)
	at org.jetbrains.kotlin.cli.jvm.compiler.pipeline.JvmCompilerPipelineKt.compileModulesUsingFrontendIrAndLightTree(jvmCompilerPipeline.kt:142)
	at org.jetbrains.kotlin.cli.jvm.K2JVMCompiler.doExecute(K2JVMCompiler.kt:148)
	at org.jetbrains.kotlin.cli.jvm.K2JVMCompiler.doExecute(K2JVMCompiler.kt:43)
	at org.jetbrains.kotlin.cli.common.CLICompiler.execImpl(CLICompiler.kt:103)
	at org.jetbrains.kotlin.cli.common.CLICompiler.execImpl(CLICompiler.kt:49)
	at org.jetbrains.kotlin.cli.common.CLITool.exec(CLITool.kt:101)
	at org.jetbrains.kotlin.incremental.IncrementalJvmCompilerRunner.runCompiler(IncrementalJvmCompilerRunner.kt:464)
	at org.jetbrains.kotlin.incremental.IncrementalJvmCompilerRunner.runCompiler(IncrementalJvmCompilerRunner.kt:73)
	at org.jetbrains.kotlin.incremental.IncrementalCompilerRunner.doCompile(IncrementalCompilerRunner.kt:506)
	at org.jetbrains.kotlin.incremental.IncrementalCompilerRunner.compileImpl(IncrementalCompilerRunner.kt:423)
	at org.jetbrains.kotlin.incremental.IncrementalCompilerRunner.compileNonIncrementally(IncrementalCompilerRunner.kt:301)
	at org.jetbrains.kotlin.incremental.IncrementalCompilerRunner.compile(IncrementalCompilerRunner.kt:129)
	at org.jetbrains.kotlin.daemon.CompileServiceImplBase.execIncrementalCompiler(CompileServiceImpl.kt:675)
	at org.jetbrains.kotlin.daemon.CompileServiceImplBase.access$execIncrementalCompiler(CompileServiceImpl.kt:92)
	at org.jetbrains.kotlin.daemon.CompileServiceImpl.compile(CompileServiceImpl.kt:1660)
	at java.base/jdk.internal.reflect.DirectMethodHandleAccessor.invoke(Unknown Source)
	at java.base/java.lang.reflect.Method.invoke(Unknown Source)
	at java.rmi/sun.rmi.server.UnicastServerRef.dispatch(Unknown Source)
	at java.rmi/sun.rmi.transport.Transport$1.run(Unknown Source)
	at java.rmi/sun.rmi.transport.Transport$1.run(Unknown Source)
	at java.base/java.security.AccessController.doPrivileged(Unknown Source)
	at java.rmi/sun.rmi.transport.Transport.serviceCall(Unknown Source)
	at java.rmi/sun.rmi.transport.tcp.TCPTransport.handleMessages(Unknown Source)
	at java.rmi/sun.rmi.transport.tcp.TCPTransport$ConnectionHandler.run0(Unknown Source)
	at java.rmi/sun.rmi.transport.tcp.TCPTransport$ConnectionHandler.lambda$run$0(Unknown Source)
	at java.base/java.security.AccessController.doPrivileged(Unknown Source)
	at java.rmi/sun.rmi.transport.tcp.TCPTransport$ConnectionHandler.run(Unknown Source)
	at java.base/java.util.concurrent.ThreadPoolExecutor.runWorker(Unknown Source)
	at java.base/java.util.concurrent.ThreadPoolExecutor$Worker.run(Unknown Source)
	at java.base/java.lang.Thread.run(Unknown Source)
Caused by: java.lang.RuntimeException: Exception while generating code for:
FUN LOCAL_FUNCTION_FOR_LAMBDA name:onCreate$lambda$5$lambda$4 visibility:private modality:FINAL <> (this$0:com.mygp.composeactivity.MainActivity) returnType:kotlin.Unit?
  VALUE_PARAMETER BOUND_VALUE_PARAMETER name:this$0 index:0 type:com.mygp.composeactivity.MainActivity
  BLOCK_BODY
    VAR PROPERTY_DELEGATE name:startDestination$delegate type:androidx.compose.runtime.MutableState<kotlin.String?> [val]
      CALL 'public final fun remember <T> (calculation: @[DisallowComposableCalls] kotlin.Function0<T of androidx.compose.runtime.ComposablesKt.remember>): T of androidx.compose.runtime.ComposablesKt.remember [inline] declared in androidx.compose.runtime.ComposablesKt' type=androidx.compose.runtime.MutableState<kotlin.String?> origin=null
        <T>: androidx.compose.runtime.MutableState<kotlin.String?>
        calculation: BLOCK type=kotlin.Function0<androidx.compose.runtime.MutableState<kotlin.String?>> origin=LAMBDA
          COMPOSITE type=kotlin.Unit origin=null
          FUNCTION_REFERENCE 'private final fun onCreate$lambda$5$lambda$4$lambda$0 (): androidx.compose.runtime.MutableState<kotlin.String?> declared in com.mygp.composeactivity.MainActivity' type=kotlin.Function0<androidx.compose.runtime.MutableState<kotlin.String?>> origin=INLINE_LAMBDA reflectionTarget=null
    VAR name:navController type:androidx.navigation.NavHostController [val]
      CALL 'public final fun rememberNavController (vararg navigators: androidx.navigation.Navigator<out androidx.navigation.NavDestination>): androidx.navigation.NavHostController declared in androidx.navigation.compose.NavHostControllerKt' type=androidx.navigation.NavHostController origin=null
        navigators: CALL 'public final fun arrayOfNulls <T> (size: kotlin.Int): kotlin.Array<T of kotlin.arrayOfNulls?> declared in kotlin' type=kotlin.Array<out androidx.navigation.Navigator<out androidx.navigation.NavDestination>> origin=null
          <T>: androidx.navigation.Navigator<out androidx.navigation.NavDestination>
          size: CONST Int type=kotlin.Int value=0
    CALL 'public final fun LaunchedEffect (key1: kotlin.Any?, block: @[ExtensionFunctionType] kotlin.coroutines.SuspendFunction1<kotlinx.coroutines.CoroutineScope, kotlin.Unit>): kotlin.Unit declared in androidx.compose.runtime.EffectsKt' type=kotlin.Unit origin=null
      key1: GET_FIELD 'FIELD FIELD_FOR_OBJECT_INSTANCE name:INSTANCE type:kotlin.Unit visibility:public [final,static] declared in kotlin.Unit' type=kotlin.Unit origin=null
      block: BLOCK type=com.mygp.composeactivity.MainActivity.onCreate$lambda$5$lambda$4.<no name provided> origin=null
        CLASS SUSPEND_LAMBDA CLASS name:<no name provided> modality:FINAL visibility:public/*package*/ superTypes:[kotlin.coroutines.jvm.internal.SuspendLambda; kotlin.jvm.functions.Function2<kotlinx.coroutines.CoroutineScope, kotlin.coroutines.Continuation<kotlin.Unit>?, kotlin.Any?>]
          $this: VALUE_PARAMETER INSTANCE_RECEIVER name:<this> type:com.mygp.composeactivity.MainActivity.onCreate$lambda$5$lambda$4.<no name provided>
          FIELD name:label type:kotlin.Int visibility:public/*package*/
          CONSTRUCTOR SUSPEND_LAMBDA visibility:public/*package*/ <> (this$0:com.mygp.composeactivity.MainActivity, $startDestination$delegate:androidx.compose.runtime.MutableState<kotlin.String?>, $completion:kotlin.coroutines.Continuation<com.mygp.composeactivity.MainActivity.onCreate$lambda$5$lambda$4.<no name provided>>?) returnType:com.mygp.composeactivity.MainActivity.onCreate$lambda$5$lambda$4.<no name provided> [primary]
            VALUE_PARAMETER BOUND_RECEIVER_PARAMETER name:this$0 index:0 type:com.mygp.composeactivity.MainActivity
            VALUE_PARAMETER BOUND_VALUE_PARAMETER name:$startDestination$delegate index:1 type:androidx.compose.runtime.MutableState<kotlin.String?>
            VALUE_PARAMETER name:$completion index:2 type:kotlin.coroutines.Continuation<com.mygp.composeactivity.MainActivity.onCreate$lambda$5$lambda$4.<no name provided>>?
            BLOCK_BODY
              SET_FIELD 'FIELD FIELD_FOR_CAPTURED_VALUE name:this$0 type:com.mygp.composeactivity.MainActivity visibility:public/*package*/ [final] declared in com.mygp.composeactivity.MainActivity.onCreate$lambda$5$lambda$4.<no name provided>' type=kotlin.Unit origin=INITIALIZER_OF_FIELD_FOR_CAPTURED_VALUE
                receiver: GET_VAR '<this>: com.mygp.composeactivity.MainActivity.onCreate$lambda$5$lambda$4.<no name provided> declared in com.mygp.composeactivity.MainActivity.onCreate$lambda$5$lambda$4.<no name provided>' type=com.mygp.composeactivity.MainActivity.onCreate$lambda$5$lambda$4.<no name provided> origin=null
                value: GET_VAR 'this$0: com.mygp.composeactivity.MainActivity declared in com.mygp.composeactivity.MainActivity.onCreate$lambda$5$lambda$4.<no name provided>.<init>' type=com.mygp.composeactivity.MainActivity origin=null
              SET_FIELD 'FIELD FIELD_FOR_CAPTURED_VALUE name:$startDestination$delegate type:androidx.compose.runtime.MutableState<kotlin.String?> visibility:public/*package*/ [final] declared in com.mygp.composeactivity.MainActivity.onCreate$lambda$5$lambda$4.<no name provided>' type=kotlin.Unit origin=INITIALIZER_OF_FIELD_FOR_CAPTURED_VALUE
                receiver: GET_VAR '<this>: com.mygp.composeactivity.MainActivity.onCreate$lambda$5$lambda$4.<no name provided> declared in com.mygp.composeactivity.MainActivity.onCreate$lambda$5$lambda$4.<no name provided>' type=com.mygp.composeactivity.MainActivity.onCreate$lambda$5$lambda$4.<no name provided> origin=null
                value: GET_VAR '$startDestination$delegate: androidx.compose.runtime.MutableState<kotlin.String?> declared in com.mygp.composeactivity.MainActivity.onCreate$lambda$5$lambda$4.<no name provided>.<init>' type=androidx.compose.runtime.MutableState<kotlin.String?> origin=null
              DELEGATING_CONSTRUCTOR_CALL 'public constructor <init> (arity: kotlin.Int, $completion: kotlin.coroutines.Continuation<kotlin.Any?>?) declared in kotlin.coroutines.jvm.internal.SuspendLambda'
                arity: CONST Int type=kotlin.Int value=2
                $completion: GET_VAR '$completion: kotlin.coroutines.Continuation<com.mygp.composeactivity.MainActivity.onCreate$lambda$5$lambda$4.<no name provided>>? declared in com.mygp.composeactivity.MainActivity.onCreate$lambda$5$lambda$4.<no name provided>.<init>' type=kotlin.coroutines.Continuation<com.mygp.composeactivity.MainActivity.onCreate$lambda$5$lambda$4.<no name provided>>? origin=null
              BLOCK type=kotlin.Unit origin=null
          FUN name:invokeSuspend visibility:public modality:FINAL <> ($this:com.mygp.composeactivity.MainActivity.onCreate$lambda$5$lambda$4.<no name provided>, $result:kotlin.Result<kotlin.Any?>) returnType:kotlin.Any?
            overridden:
              protected abstract fun invokeSuspend ($result: kotlin.Result<kotlin.Any?>): kotlin.Any? declared in kotlin.coroutines.jvm.internal.SuspendLambda
            $this: VALUE_PARAMETER INSTANCE_RECEIVER name:<this> type:com.mygp.composeactivity.MainActivity.onCreate$lambda$5$lambda$4.<no name provided>
            VALUE_PARAMETER name:$result index:0 type:kotlin.Result<kotlin.Any?>
            BLOCK_BODY
              VAR name:isLoggedIn type:kotlin.Boolean [val]
                CALL 'public final fun first <T> ($completion: kotlin.coroutines.Continuation<T of kotlinx.coroutines.flow.FlowKt.first>): kotlin.Any? [suspend] declared in kotlinx.coroutines.flow.FlowKt' type=kotlin.Boolean origin=null
                  <T>: kotlin.Boolean
                  $receiver: CALL 'public final fun <get-isLoggedIn> (): kotlinx.coroutines.flow.Flow<kotlin.Boolean> declared in com.mygp.composeactivity.data.UserPreferences' type=kotlinx.coroutines.flow.Flow<kotlin.Boolean> origin=GET_PROPERTY
                    $this: BLOCK type=com.mygp.composeactivity.data.UserPreferences origin=FOLDED_ELVIS
                      WHEN type=com.mygp.composeactivity.data.UserPreferences origin=FOLDED_ELVIS
                        BRANCH
                          if: COMPOSITE type=kotlin.Boolean origin=null
                            VAR IR_TEMPORARY_VARIABLE name:tmp0 type:com.mygp.composeactivity.data.UserPreferences? [val]
                              CALL 'public final fun access$getUserPreferences$p ($this: com.mygp.composeactivity.MainActivity): com.mygp.composeactivity.data.UserPreferences? declared in com.mygp.composeactivity.MainActivity' type=com.mygp.composeactivity.data.UserPreferences? origin=null
                                $this: GET_FIELD 'FIELD FIELD_FOR_CAPTURED_VALUE name:this$0 type:com.mygp.composeactivity.MainActivity visibility:public/*package*/ [final] declared in com.mygp.composeactivity.MainActivity.onCreate$lambda$5$lambda$4.<no name provided>' type=com.mygp.composeactivity.MainActivity origin=null
                                  receiver: GET_VAR '<this>: com.mygp.composeactivity.MainActivity.onCreate$lambda$5$lambda$4.<no name provided> declared in com.mygp.composeactivity.MainActivity.onCreate$lambda$5$lambda$4.<no name provided>.invokeSuspend' type=com.mygp.composeactivity.MainActivity.onCreate$lambda$5$lambda$4.<no name provided> origin=null
                            CALL 'public final fun not (): kotlin.Boolean [operator] declared in kotlin.Boolean' type=kotlin.Boolean origin=null
                              $this: CALL 'public final fun EQEQ (arg0: kotlin.Any?, arg1: kotlin.Any?): kotlin.Boolean declared in kotlin.internal.ir' type=kotlin.Boolean origin=null
                                arg0: GET_VAR 'val tmp0: com.mygp.composeactivity.data.UserPreferences? [val] declared in com.mygp.composeactivity.MainActivity.onCreate$lambda$5$lambda$4.<no name provided>.invokeSuspend' type=com.mygp.composeactivity.data.UserPreferences? origin=null
                                arg1: CONST Null type=kotlin.Nothing? value=null
                          then: GET_VAR 'val tmp0: com.mygp.composeactivity.data.UserPreferences? [val] declared in com.mygp.composeactivity.MainActivity.onCreate$lambda$5$lambda$4.<no name provided>.invokeSuspend' type=com.mygp.composeactivity.data.UserPreferences? origin=null
                        BRANCH
                          if: CONST Boolean type=kotlin.Boolean value=true
                          then: BLOCK type=kotlin.Unit origin=null
                            CALL 'public final fun throwUninitializedPropertyAccessException (propertyName: kotlin.String): kotlin.Unit declared in kotlin.jvm.internal.Intrinsics' type=kotlin.Unit origin=null
                              propertyName: CONST String type=kotlin.String value="userPreferences"
                  $completion: GET_VAR '<this>: com.mygp.composeactivity.MainActivity.onCreate$lambda$5$lambda$4.<no name provided> declared in com.mygp.composeactivity.MainActivity.onCreate$lambda$5$lambda$4.<no name provided>.invokeSuspend' type=com.mygp.composeactivity.MainActivity.onCreate$lambda$5$lambda$4.<no name provided> origin=null
              CALL 'public final fun access$onCreate$lambda$5$lambda$4$lambda$2 ($startDestination$delegate: androidx.compose.runtime.MutableState<kotlin.String?>, <set-?>: kotlin.String?): kotlin.Unit declared in com.mygp.composeactivity.MainActivity' type=kotlin.Unit origin=EQ
                $startDestination$delegate: GET_FIELD 'FIELD FIELD_FOR_CAPTURED_VALUE name:$startDestination$delegate type:androidx.compose.runtime.MutableState<kotlin.String?> visibility:public/*package*/ [final] declared in com.mygp.composeactivity.MainActivity.onCreate$lambda$5$lambda$4.<no name provided>' type=androidx.compose.runtime.MutableState<kotlin.String?> origin=null
                  receiver: GET_VAR '<this>: com.mygp.composeactivity.MainActivity.onCreate$lambda$5$lambda$4.<no name provided> declared in com.mygp.composeactivity.MainActivity.onCreate$lambda$5$lambda$4.<no name provided>.invokeSuspend' type=com.mygp.composeactivity.MainActivity.onCreate$lambda$5$lambda$4.<no name provided> origin=null
                <set-?>: WHEN type=kotlin.String? origin=IF
                  BRANCH
                    if: GET_VAR 'val isLoggedIn: kotlin.Boolean [val] declared in com.mygp.composeactivity.MainActivity.onCreate$lambda$5$lambda$4.<no name provided>.invokeSuspend' type=kotlin.Boolean origin=null
                    then: CALL 'public final fun <get-route> (): kotlin.String [fake_override] declared in com.mygp.composeactivity.navigation.Screen.Home' type=kotlin.String origin=GET_PROPERTY
                      $this: GET_FIELD 'FIELD FIELD_FOR_OBJECT_INSTANCE name:INSTANCE type:com.mygp.composeactivity.navigation.Screen.Home visibility:public [final,static] declared in com.mygp.composeactivity.navigation.Screen.Home' type=com.mygp.composeactivity.navigation.Screen.Home origin=null
                  BRANCH
                    if: CONST Boolean type=kotlin.Boolean value=true
                    then: CALL 'public final fun <get-route> (): kotlin.String [fake_override] declared in com.mygp.composeactivity.navigation.Screen.Login' type=kotlin.String origin=GET_PROPERTY
                      $this: GET_FIELD 'FIELD FIELD_FOR_OBJECT_INSTANCE name:INSTANCE type:com.mygp.composeactivity.navigation.Screen.Login visibility:public [final,static] declared in com.mygp.composeactivity.navigation.Screen.Login' type=com.mygp.composeactivity.navigation.Screen.Login origin=null
          FUN name:create visibility:public modality:FINAL <> ($this:com.mygp.composeactivity.MainActivity.onCreate$lambda$5$lambda$4.<no name provided>, value:kotlin.Any?, $completion:kotlin.coroutines.Continuation<kotlin.Nothing>) returnType:kotlin.coroutines.Continuation<kotlin.Unit>
            overridden:
              public open fun create (value: kotlin.Any?, $completion: kotlin.coroutines.Continuation<kotlin.Nothing>): kotlin.coroutines.Continuation<kotlin.Unit> declared in kotlin.coroutines.jvm.internal.SuspendLambda
            $this: VALUE_PARAMETER INSTANCE_RECEIVER name:<this> type:com.mygp.composeactivity.MainActivity.onCreate$lambda$5$lambda$4.<no name provided>
            VALUE_PARAMETER name:value index:0 type:kotlin.Any?
            VALUE_PARAMETER name:$completion index:1 type:kotlin.coroutines.Continuation<kotlin.Nothing>
            BLOCK_BODY
              RETURN type=kotlin.Nothing from='public final fun create (value: kotlin.Any?, $completion: kotlin.coroutines.Continuation<kotlin.Nothing>): kotlin.coroutines.Continuation<kotlin.Unit> declared in com.mygp.composeactivity.MainActivity.onCreate$lambda$5$lambda$4.<no name provided>'
                CONSTRUCTOR_CALL 'public/*package*/ constructor <init> (this$0: com.mygp.composeactivity.MainActivity, $startDestination$delegate: androidx.compose.runtime.MutableState<kotlin.String?>, $completion: kotlin.coroutines.Continuation<com.mygp.composeactivity.MainActivity.onCreate$lambda$5$lambda$4.<no name provided>>?) [primary] declared in com.mygp.composeactivity.MainActivity.onCreate$lambda$5$lambda$4.<no name provided>' type=com.mygp.composeactivity.MainActivity.onCreate$lambda$5$lambda$4.<no name provided> origin=null
                  this$0: GET_FIELD 'FIELD FIELD_FOR_CAPTURED_VALUE name:this$0 type:com.mygp.composeactivity.MainActivity visibility:public/*package*/ [final] declared in com.mygp.composeactivity.MainActivity.onCreate$lambda$5$lambda$4.<no name provided>' type=com.mygp.composeactivity.MainActivity origin=null
                    receiver: GET_VAR '<this>: com.mygp.composeactivity.MainActivity.onCreate$lambda$5$lambda$4.<no name provided> declared in com.mygp.composeactivity.MainActivity.onCreate$lambda$5$lambda$4.<no name provided>.create' type=com.mygp.composeactivity.MainActivity.onCreate$lambda$5$lambda$4.<no name provided> origin=null
                  $startDestination$delegate: GET_FIELD 'FIELD FIELD_FOR_CAPTURED_VALUE name:$startDestination$delegate type:androidx.compose.runtime.MutableState<kotlin.String?> visibility:public/*package*/ [final] declared in com.mygp.composeactivity.MainActivity.onCreate$lambda$5$lambda$4.<no name provided>' type=androidx.compose.runtime.MutableState<kotlin.String?> origin=null
                    receiver: GET_VAR '<this>: com.mygp.composeactivity.MainActivity.onCreate$lambda$5$lambda$4.<no name provided> declared in com.mygp.composeactivity.MainActivity.onCreate$lambda$5$lambda$4.<no name provided>.create' type=com.mygp.composeactivity.MainActivity.onCreate$lambda$5$lambda$4.<no name provided> origin=null
                  $completion: GET_VAR '$completion: kotlin.coroutines.Continuation<kotlin.Nothing> declared in com.mygp.composeactivity.MainActivity.onCreate$lambda$5$lambda$4.<no name provided>.create' type=kotlin.coroutines.Continuation<kotlin.Nothing> origin=null
          FUN name:invoke visibility:public modality:FINAL <> ($this:com.mygp.composeactivity.MainActivity.onCreate$lambda$5$lambda$4.<no name provided>, p1:kotlinx.coroutines.CoroutineScope, p2:kotlin.coroutines.Continuation<kotlin.Unit>?) returnType:kotlin.Any?
            overridden:
              public abstract fun invoke (p1: P1 of kotlin.jvm.functions.Function2, p2: P2 of kotlin.jvm.functions.Function2): R of kotlin.jvm.functions.Function2 declared in kotlin.jvm.functions.Function2
            $this: VALUE_PARAMETER INSTANCE_RECEIVER name:<this> type:com.mygp.composeactivity.MainActivity.onCreate$lambda$5$lambda$4.<no name provided>
            VALUE_PARAMETER name:p1 index:0 type:kotlinx.coroutines.CoroutineScope
            VALUE_PARAMETER name:p2 index:1 type:kotlin.coroutines.Continuation<kotlin.Unit>?
            BLOCK_BODY
              RETURN type=kotlin.Nothing from='public final fun invoke (p1: kotlinx.coroutines.CoroutineScope, p2: kotlin.coroutines.Continuation<kotlin.Unit>?): kotlin.Any? declared in com.mygp.composeactivity.MainActivity.onCreate$lambda$5$lambda$4.<no name provided>'
                CALL 'public final fun invokeSuspend ($result: kotlin.Result<kotlin.Any?>): kotlin.Any? declared in com.mygp.composeactivity.MainActivity.onCreate$lambda$5$lambda$4.<no name provided>' type=kotlin.Any? origin=null
                  $this: TYPE_OP type=com.mygp.composeactivity.MainActivity.onCreate$lambda$5$lambda$4.<no name provided> origin=IMPLICIT_CAST typeOperand=com.mygp.composeactivity.MainActivity.onCreate$lambda$5$lambda$4.<no name provided>
                    CALL 'public final fun create (value: kotlin.Any?, $completion: kotlin.coroutines.Continuation<kotlin.Nothing>): kotlin.coroutines.Continuation<kotlin.Unit> declared in com.mygp.composeactivity.MainActivity.onCreate$lambda$5$lambda$4.<no name provided>' type=kotlin.coroutines.Continuation<kotlin.Unit> origin=null
                      $this: GET_VAR '<this>: com.mygp.composeactivity.MainActivity.onCreate$lambda$5$lambda$4.<no name provided> declared in com.mygp.composeactivity.MainActivity.onCreate$lambda$5$lambda$4.<no name provided>.invoke' type=com.mygp.composeactivity.MainActivity.onCreate$lambda$5$lambda$4.<no name provided> origin=null
                      value: GET_VAR 'p1: kotlinx.coroutines.CoroutineScope declared in com.mygp.composeactivity.MainActivity.onCreate$lambda$5$lambda$4.<no name provided>.invoke' type=kotlinx.coroutines.CoroutineScope origin=null
                      $completion: GET_VAR 'p2: kotlin.coroutines.Continuation<kotlin.Unit>? declared in com.mygp.composeactivity.MainActivity.onCreate$lambda$5$lambda$4.<no name provided>.invoke' type=kotlin.coroutines.Continuation<kotlin.Unit>? origin=null
                  $result: CALL 'public final fun <unsafe-coerce> <T, R> (v: T of kotlin.jvm.internal.<unsafe-coerce>): R of kotlin.jvm.internal.<unsafe-coerce> declared in kotlin.jvm.internal' type=kotlin.Result<kotlin.Any?> origin=null
                    <T>: kotlin.Any?
                    <R>: kotlin.Result<kotlin.Any?>
                    v: GET_FIELD 'FIELD FIELD_FOR_OBJECT_INSTANCE name:INSTANCE type:kotlin.Unit visibility:public [final,static] declared in kotlin.Unit' type=kotlin.Unit origin=null
          FIELD FIELD_FOR_CAPTURED_VALUE name:this$0 type:com.mygp.composeactivity.MainActivity visibility:public/*package*/ [final]
          FIELD FIELD_FOR_CAPTURED_VALUE name:$startDestination$delegate type:androidx.compose.runtime.MutableState<kotlin.String?> visibility:public/*package*/ [final]
          FUN BRIDGE name:invoke visibility:public modality:OPEN <> ($this:com.mygp.composeactivity.MainActivity.onCreate$lambda$5$lambda$4.<no name provided>, p1:kotlin.Any?, p2:kotlin.Any?) returnType:kotlin.Any?
            $this: VALUE_PARAMETER INSTANCE_RECEIVER name:<this> type:com.mygp.composeactivity.MainActivity.onCreate$lambda$5$lambda$4.<no name provided>
            VALUE_PARAMETER BRIDGE name:p1 index:0 type:kotlin.Any?
            VALUE_PARAMETER BRIDGE name:p2 index:1 type:kotlin.Any?
            EXPRESSION_BODY
              RETURN type=kotlin.Nothing from='public open fun invoke (p1: kotlin.Any?, p2: kotlin.Any?): kotlin.Any? declared in com.mygp.composeactivity.MainActivity.onCreate$lambda$5$lambda$4.<no name provided>'
                CALL 'public final fun invoke (p1: kotlinx.coroutines.CoroutineScope, p2: kotlin.coroutines.Continuation<kotlin.Unit>?): kotlin.Any? declared in com.mygp.composeactivity.MainActivity.onCreate$lambda$5$lambda$4.<no name provided>' type=kotlin.Any? origin=BRIDGE_DELEGATION
                  $this: GET_VAR '<this>: com.mygp.composeactivity.MainActivity.onCreate$lambda$5$lambda$4.<no name provided> declared in com.mygp.composeactivity.MainActivity.onCreate$lambda$5$lambda$4.<no name provided>.invoke' type=com.mygp.composeactivity.MainActivity.onCreate$lambda$5$lambda$4.<no name provided> origin=null
                  p1: TYPE_OP type=kotlinx.coroutines.CoroutineScope origin=IMPLICIT_CAST typeOperand=kotlinx.coroutines.CoroutineScope
                    GET_VAR 'p1: kotlin.Any? declared in com.mygp.composeactivity.MainActivity.onCreate$lambda$5$lambda$4.<no name provided>.invoke' type=kotlin.Any? origin=null
                  p2: TYPE_OP type=kotlin.coroutines.Continuation<*> origin=IMPLICIT_CAST typeOperand=kotlin.coroutines.Continuation<*>
                    GET_VAR 'p2: kotlin.Any? declared in com.mygp.composeactivity.MainActivity.onCreate$lambda$5$lambda$4.<no name provided>.invoke' type=kotlin.Any? origin=null
        CONSTRUCTOR_CALL 'public/*package*/ constructor <init> (this$0: com.mygp.composeactivity.MainActivity, $startDestination$delegate: androidx.compose.runtime.MutableState<kotlin.String?>, $completion: kotlin.coroutines.Continuation<com.mygp.composeactivity.MainActivity.onCreate$lambda$5$lambda$4.<no name provided>>?) [primary] declared in com.mygp.composeactivity.MainActivity.onCreate$lambda$5$lambda$4.<no name provided>' type=com.mygp.composeactivity.MainActivity.onCreate$lambda$5$lambda$4.<no name provided> origin=null
          this$0: GET_VAR 'this$0: com.mygp.composeactivity.MainActivity declared in com.mygp.composeactivity.MainActivity.onCreate$lambda$5$lambda$4' type=com.mygp.composeactivity.MainActivity origin=null
          $startDestination$delegate: GET_VAR 'val startDestination$delegate: androidx.compose.runtime.MutableState<kotlin.String?> [val] declared in com.mygp.composeactivity.MainActivity.onCreate$lambda$5$lambda$4' type=androidx.compose.runtime.MutableState<kotlin.String?> origin=null
          $completion: CONST Null type=kotlin.Nothing? value=null
    WHEN type=kotlin.Unit origin=IF
      BRANCH
        if: CALL 'public final fun not (): kotlin.Boolean [operator] declared in kotlin.Boolean' type=kotlin.Boolean origin=EXCLEQ
          $this: CALL 'public final fun EQEQ (arg0: kotlin.Any?, arg1: kotlin.Any?): kotlin.Boolean declared in kotlin.internal.ir' type=kotlin.Boolean origin=EXCLEQ
            arg0: CALL 'private final fun onCreate$lambda$5$lambda$4$lambda$1 ($startDestination$delegate: androidx.compose.runtime.MutableState<kotlin.String?>): kotlin.String? declared in com.mygp.composeactivity.MainActivity' type=kotlin.String? origin=GET_LOCAL_PROPERTY
              $startDestination$delegate: GET_VAR 'val startDestination$delegate: androidx.compose.runtime.MutableState<kotlin.String?> [val] declared in com.mygp.composeactivity.MainActivity.onCreate$lambda$5$lambda$4' type=androidx.compose.runtime.MutableState<kotlin.String?> origin=null
            arg1: CONST Null type=kotlin.Nothing? value=null
        then: BLOCK type=kotlin.Unit origin=null
          CALL 'public final fun AppNavHost (navController: androidx.navigation.NavHostController, startDestination: kotlin.String, onLoginSuccess: kotlin.Function0<kotlin.Unit>): kotlin.Unit declared in com.mygp.composeactivity.navigation.AppNavHostKt' type=kotlin.Unit origin=null
            navController: GET_VAR 'val navController: androidx.navigation.NavHostController [val] declared in com.mygp.composeactivity.MainActivity.onCreate$lambda$5$lambda$4' type=androidx.navigation.NavHostController origin=null
            startDestination: CALL 'public final fun CHECK_NOT_NULL <T0> (arg0: T0 of kotlin.internal.ir.CHECK_NOT_NULL?): {T0 of kotlin.internal.ir.CHECK_NOT_NULL & Any} declared in kotlin.internal.ir' type=kotlin.String origin=EXCLEXCL
              <T0>: kotlin.String
              arg0: CALL 'private final fun onCreate$lambda$5$lambda$4$lambda$1 ($startDestination$delegate: androidx.compose.runtime.MutableState<kotlin.String?>): kotlin.String? declared in com.mygp.composeactivity.MainActivity' type=kotlin.String? origin=GET_LOCAL_PROPERTY
                $startDestination$delegate: GET_VAR 'val startDestination$delegate: androidx.compose.runtime.MutableState<kotlin.String?> [val] declared in com.mygp.composeactivity.MainActivity.onCreate$lambda$5$lambda$4' type=androidx.compose.runtime.MutableState<kotlin.String?> origin=null
            onLoginSuccess: BLOCK type=kotlin.Function0<kotlin.Unit> origin=LAMBDA
              COMPOSITE type=kotlin.Unit origin=null
              CALL 'public final fun <jvm-indy> <T> (dynamicCall: T of kotlin.jvm.internal.<jvm-indy>, bootstrapMethodHandle: kotlin.Any, vararg bootstrapMethodArguments: kotlin.Any): T of kotlin.jvm.internal.<jvm-indy> declared in kotlin.jvm.internal' type=kotlin.Function0<kotlin.Unit> origin=null
                <T>: kotlin.Function0<kotlin.Unit>
                dynamicCall: CALL 'public final fun invoke (p0: com.mygp.composeactivity.MainActivity): kotlin.Function0<kotlin.Unit> declared in kotlin.jvm.internal.invokeDynamic' type=kotlin.Function0<kotlin.Unit> origin=null
                  p0: GET_VAR 'this$0: com.mygp.composeactivity.MainActivity declared in com.mygp.composeactivity.MainActivity.onCreate$lambda$5$lambda$4' type=com.mygp.composeactivity.MainActivity origin=null
                bootstrapMethodHandle: CALL 'public final fun <jvm-method-handle> (tag: kotlin.Int, owner: kotlin.String, name: kotlin.String, descriptor: kotlin.String, isInterface: kotlin.Boolean): kotlin.Any declared in kotlin.jvm.internal' type=kotlin.Any origin=null
                  tag: CONST Int type=kotlin.Int value=6
                  owner: CONST String type=kotlin.String value="java/lang/invoke/LambdaMetafactory"
                  name: CONST String type=kotlin.String value="metafactory"
                  descriptor: CONST String type=kotlin.String value="(Ljava/lang/invoke/MethodHandles$Lookup;Ljava/lang/String;Ljava/lang/invoke/MethodType;Ljava/lang/invoke/MethodType;Ljava/lang/invoke/MethodHandle;Ljava/lang/invoke/MethodType;)Ljava/lang/invoke/CallSite;"
                  isInterface: CONST Boolean type=kotlin.Boolean value=false
                bootstrapMethodArguments: VARARG type=kotlin.Array<kotlin.Any> varargElementType=kotlin.Any
                  CALL 'public final fun <jvm-original-method-type> (method: kotlin.Any): kotlin.Any declared in kotlin.jvm.internal' type=kotlin.Any origin=null
                    method: RAW_FUNCTION_REFERENCE 'public abstract fun invoke (): R of kotlin.Function0 [operator] declared in kotlin.Function0' type=kotlin.Any
                  RAW_FUNCTION_REFERENCE 'private final fun onCreate$lambda$5$lambda$4$lambda$3 (this$0: com.mygp.composeactivity.MainActivity): kotlin.Unit? declared in com.mygp.composeactivity.MainActivity' type=kotlin.Any
                  CALL 'public final fun <jvm-original-method-type> (method: kotlin.Any): kotlin.Any declared in kotlin.jvm.internal' type=kotlin.Any origin=null
                    method: RAW_FUNCTION_REFERENCE 'public abstract fun invoke (): kotlin.Unit? [fake_override,operator] declared in kotlin.jvm.internal.invokeDynamic.<fake>' type=kotlin.Any

	at org.jetbrains.kotlin.backend.jvm.codegen.FunctionCodegen.generate(FunctionCodegen.kt:47)
	at org.jetbrains.kotlin.backend.jvm.codegen.FunctionCodegen.generate$default(FunctionCodegen.kt:40)
	at org.jetbrains.kotlin.backend.jvm.codegen.ClassCodegen.generateMethodNode(ClassCodegen.kt:406)
	at org.jetbrains.kotlin.backend.jvm.codegen.ClassCodegen.generateMethod(ClassCodegen.kt:423)
	at org.jetbrains.kotlin.backend.jvm.codegen.ClassCodegen.generate(ClassCodegen.kt:168)
	at org.jetbrains.kotlin.backend.jvm.FileCodegen.lower(JvmPhases.kt:39)
	at org.jetbrains.kotlin.backend.common.phaser.PhaseFactoriesKt.createFilePhase$lambda$4(PhaseFactories.kt:71)
	at org.jetbrains.kotlin.backend.common.phaser.PhaseBuildersKt$createSimpleNamedCompilerPhase$1.phaseBody(PhaseBuilders.kt:69)
	at org.jetbrains.kotlin.backend.common.phaser.SimpleNamedCompilerPhase.phaseBody(CompilerPhase.kt:226)
	at org.jetbrains.kotlin.backend.common.phaser.AbstractNamedCompilerPhase.invoke(CompilerPhase.kt:113)
	at org.jetbrains.kotlin.backend.common.phaser.PerformByIrFilePhase.invokeSequential(performByIrFile.kt:62)
	... 43 more
Caused by: org.jetbrains.kotlin.codegen.CompilationException: Back-end (JVM) Internal error: Couldn't inline method call: CALL 'public final fun remember <T> (calculation: @[DisallowComposableCalls] kotlin.Function0<T of androidx.compose.runtime.ComposablesKt.remember>): T of androidx.compose.runtime.ComposablesKt.remember [inline] declared in androidx.compose.runtime.ComposablesKt' type=androidx.compose.runtime.MutableState<kotlin.String?> origin=null
Method: null
File is unknown
The root cause java.lang.IllegalStateException was thrown at: org.jetbrains.kotlin.codegen.inline.SourceCompilerForInlineKt.getMethodNode(SourceCompilerForInline.kt:118)
	at org.jetbrains.kotlin.codegen.inline.InlineCodegen.performInline(InlineCodegen.kt:65)
	at org.jetbrains.kotlin.backend.jvm.codegen.IrInlineCodegen.genInlineCall(IrInlineCodegen.kt:163)
	at org.jetbrains.kotlin.backend.jvm.codegen.IrInlineCallGenerator.genCall(IrInlineCallGenerator.kt:36)
	at org.jetbrains.kotlin.backend.jvm.codegen.ExpressionCodegen.visitCall(ExpressionCodegen.kt:653)
	at org.jetbrains.kotlin.backend.jvm.codegen.ExpressionCodegen.visitCall(ExpressionCodegen.kt:138)
	at org.jetbrains.kotlin.ir.expressions.IrCall.accept(IrCall.kt:24)
	at org.jetbrains.kotlin.backend.jvm.codegen.ExpressionCodegen.visitVariable(ExpressionCodegen.kt:790)
	at org.jetbrains.kotlin.backend.jvm.codegen.ExpressionCodegen.visitVariable(ExpressionCodegen.kt:138)
	at org.jetbrains.kotlin.ir.declarations.IrVariable.accept(IrVariable.kt:36)
	at org.jetbrains.kotlin.backend.jvm.codegen.ExpressionCodegen.visitStatementContainer(ExpressionCodegen.kt:579)
	at org.jetbrains.kotlin.backend.jvm.codegen.ExpressionCodegen.visitBlockBody(ExpressionCodegen.kt:584)
	at org.jetbrains.kotlin.backend.jvm.codegen.ExpressionCodegen.visitBlockBody(ExpressionCodegen.kt:138)
	at org.jetbrains.kotlin.ir.expressions.IrBlockBody.accept(IrBlockBody.kt:20)
	at org.jetbrains.kotlin.backend.jvm.codegen.ExpressionCodegen.generate(ExpressionCodegen.kt:240)
	at org.jetbrains.kotlin.backend.jvm.codegen.FunctionCodegen.doGenerate(FunctionCodegen.kt:123)
	at org.jetbrains.kotlin.backend.jvm.codegen.FunctionCodegen.generate(FunctionCodegen.kt:44)
	... 53 more
Caused by: java.lang.IllegalStateException: couldn't find inline method Landroidx/compose/runtime/ComposablesKt;.remember(Lkotlin/jvm/functions/Function0;)Ljava/lang/Object;
	at org.jetbrains.kotlin.codegen.inline.SourceCompilerForInlineKt.getMethodNode(SourceCompilerForInline.kt:118)
	at org.jetbrains.kotlin.codegen.inline.SourceCompilerForInlineKt.loadCompiledInlineFunction(SourceCompilerForInline.kt:96)
	at org.jetbrains.kotlin.backend.jvm.codegen.IrSourceCompilerForInline.compileInlineFunction(IrSourceCompilerForInline.kt:91)
	at org.jetbrains.kotlin.codegen.inline.InlineCodegen.compileInline(InlineCodegen.kt:43)
	at org.jetbrains.kotlin.codegen.inline.InlineCodegen.performInline(InlineCodegen.kt:51)
	... 68 more


